2026-02-13 23:59:35,403 - __main__ - INFO - Iniciando pipeline de preparación (prep).
2026-02-13 23:59:35,403 - __main__ - INFO - Iniciando etapa: cargar_datos_raw
2026-02-13 23:59:35,926 - __main__ - INFO - train_raw: filas=2935849 cols=6
2026-02-13 23:59:35,934 - __main__ - INFO - test_raw: filas=214200 cols=3
2026-02-13 23:59:35,935 - __main__ - INFO - Etapa terminada: cargar_datos_raw duracion_seg=0.53
2026-02-13 23:59:35,935 - __main__ - INFO - Iniciando etapa: tipificar_y_filtrar
2026-02-13 23:59:36,175 - __main__ - INFO - train_clean: filas=2935845 cols=6
2026-02-13 23:59:36,181 - __main__ - INFO - test_clean: filas=214200 cols=3
2026-02-13 23:59:36,181 - __main__ - WARNING - Filas eliminadas por limpieza: train=4 test=0
2026-02-13 23:59:36,181 - __main__ - INFO - Etapa terminada: tipificar_y_filtrar duracion_seg=0.25
2026-02-13 23:59:36,181 - __main__ - INFO - Iniciando etapa: construir_panel_con_features
2026-02-13 23:59:41,057 - __main__ - INFO - panel: filas=7497000 cols=55
2026-02-13 23:59:41,251 - __main__ - WARNING - panel: total_NA=13793684
2026-02-13 23:59:41,251 - __main__ - INFO - Etapa terminada: construir_panel_con_features duracion_seg=5.07
2026-02-13 23:59:41,251 - __main__ - INFO - Iniciando etapa: construir_outputs
2026-02-13 23:59:41,251 - __main__ - INFO - Feature cols: n=47 | lags=(1, 2, 3, 4, 5, 6, 12)
2026-02-13 23:59:42,582 - __main__ - INFO - train_out: filas=7068600 cols=48
2026-02-13 23:59:42,676 - __main__ - INFO - valid_out: filas=214200 cols=48
2026-02-13 23:59:42,679 - __main__ - INFO - test_out: filas=214200 cols=47
2026-02-13 23:59:42,681 - __main__ - INFO - test_pairs: filas=214200 cols=2
2026-02-13 23:59:42,682 - __main__ - INFO - Blocks: max_block=33 test_block=34
2026-02-13 23:59:42,707 - __main__ - INFO - Target y train: min=0.00 p50=0.00 max=20.00 mean=0.186
2026-02-13 23:59:42,708 - __main__ - INFO - Target y valid: min=0.00 p50=0.00 max=20.00 mean=0.256
2026-02-13 23:59:42,708 - __main__ - INFO - Picos valid: y>=5=1847 y>=10=581 y>=15=312
2026-02-13 23:59:42,708 - __main__ - INFO - Etapa terminada: construir_outputs duracion_seg=1.46
2026-02-13 23:59:42,708 - __main__ - INFO - Iniciando etapa: guardar_salidas
2026-02-13 23:59:45,092 - __main__ - INFO - Archivos guardados en: /Users/hectorperalta/Documents/tarea3-productodedatos/data/prep
2026-02-13 23:59:45,092 - __main__ - INFO - Etapa terminada: guardar_salidas duracion_seg=2.38
2026-02-13 23:59:45,130 - __main__ - INFO - Prep terminado. duracion_total_seg=9.73
